02:38:06 **** Incremental Build of configuration Debug for project usbx ****
make -r -j12 all 
Building file: ../common/usbx_host_controllers/ux_hcd_rz_asynch_queue_process.c
Building file: ../common/usbx_host_controllers/ux_hcd_rz_asynch_queue_process_bemp.c
Building file: ../common/usbx_host_controllers/ux_hcd_rz_asynch_queue_process_brdy.c
../common/usbx_host_controllers/ux_hcd_rz_asynch_queue_process.c
../common/usbx_host_controllers/ux_hcd_rz_asynch_queue_process_bemp.c
Building file: ../common/usbx_host_controllers/ux_hcd_rz_asynch_queue_process_nrdy.c
../common/usbx_host_controllers/ux_hcd_rz_asynch_queue_process_brdy.c
Building file: ../common/usbx_host_controllers/ux_hcd_rz_asynch_queue_process_sign.c
Building file: ../common/usbx_host_controllers/ux_hcd_rz_asynch_schedule.c
../common/usbx_host_controllers/ux_hcd_rz_asynch_queue_process_nrdy.c
../common/usbx_host_controllers/ux_hcd_rz_asynch_queue_process_sign.c
../common/usbx_host_controllers/ux_hcd_rz_asynch_schedule.c
Building file: ../common/usbx_host_controllers/ux_hcd_rz_asynchronous_endpoint_create.c
Building file: ../common/usbx_host_controllers/ux_hcd_rz_asynchronous_endpoint_destroy.c
Building file: ../common/usbx_host_controllers/ux_hcd_rz_buffer_empty_interrupt.c
Building file: ../common/usbx_host_controllers/ux_hcd_rz_buffer_notready_interrupt.c
../common/usbx_host_controllers/ux_hcd_rz_asynchronous_endpoint_create.c
Building file: ../common/usbx_host_controllers/ux_hcd_rz_buffer_read.c
../common/usbx_host_controllers/ux_hcd_rz_asynchronous_endpoint_destroy.c
../common/usbx_host_controllers/ux_hcd_rz_buffer_empty_interrupt.c
../common/usbx_host_controllers/ux_hcd_rz_buffer_notready_interrupt.c
Building file: ../common/usbx_host_controllers/ux_hcd_rz_buffer_ready_interrupt.c
../common/usbx_host_controllers/ux_hcd_rz_buffer_read.c
../common/usbx_host_controllers/ux_hcd_rz_buffer_ready_interrupt.c
Building file: ../common/usbx_host_controllers/ux_hcd_rz_buffer_write.c
Building file: ../common/usbx_host_controllers/ux_hcd_rz_bulk_endpoint_create.c
Building file: ../common/usbx_host_controllers/ux_hcd_rz_bulk_int_td_add.c
../common/usbx_host_controllers/ux_hcd_rz_buffer_write.c
Building file: ../common/usbx_host_controllers/ux_hcd_rz_control_endpoint_create.c
../common/usbx_host_controllers/ux_hcd_rz_bulk_endpoint_create.c
Building file: ../common/usbx_host_controllers/ux_hcd_rz_control_td_add.c
../common/usbx_host_controllers/ux_hcd_rz_control_endpoint_create.c
../common/usbx_host_controllers/ux_hcd_rz_bulk_int_td_add.c
../common/usbx_host_controllers/ux_hcd_rz_control_td_add.c
Building file: ../common/usbx_host_controllers/ux_hcd_rz_controller_disable.c
Building file: ../common/usbx_host_controllers/ux_hcd_rz_current_endpoint_change.c
../common/usbx_host_controllers/ux_hcd_rz_controller_disable.c
../common/usbx_host_controllers/ux_hcd_rz_current_endpoint_change.c
Building file: ../common/usbx_host_controllers/ux_hcd_rz_data_buffer_size.c
Building file: ../common/usbx_host_controllers/ux_hcd_rz_dma_register_clear.c
Building file: ../common/usbx_host_controllers/ux_hcd_rz_dma_register_read.c
../common/usbx_host_controllers/ux_hcd_rz_data_buffer_size.c
../common/usbx_host_controllers/ux_hcd_rz_dma_register_read.c
Building file: ../common/usbx_host_controllers/ux_hcd_rz_dma_register_set.c
../common/usbx_host_controllers/ux_hcd_rz_dma_register_set.c
Building file: ../common/usbx_host_controllers/ux_hcd_rz_dma_register_write.c
Building file: ../common/usbx_host_controllers/ux_hcd_rz_dma_tx_interrupt_handler.c
Building file: ../common/usbx_host_controllers/ux_hcd_rz_dma_rx_interrupt_handler.c
Building file: ../common/usbx_host_controllers/ux_hcd_rz_ed_obtain.c
../common/usbx_host_controllers/ux_hcd_rz_dma_register_clear.c
../common/usbx_host_controllers/ux_hcd_rz_dma_register_write.c
../common/usbx_host_controllers/ux_hcd_rz_dma_tx_interrupt_handler.c
../common/usbx_host_controllers/ux_hcd_rz_ed_obtain.c
../common/usbx_host_controllers/ux_hcd_rz_dma_rx_interrupt_handler.c
Building file: ../common/usbx_host_controllers/ux_hcd_rz_ed_td_clean.c
Building file: ../common/usbx_host_controllers/ux_hcd_rz_endpoint_nak_set.c
../common/usbx_host_controllers/ux_hcd_rz_ed_td_clean.c
../common/usbx_host_controllers/ux_hcd_rz_endpoint_nak_set.c
Building file: ../common/usbx_host_controllers/ux_hcd_rz_endpoint_reset.c
Building file: ../common/usbx_host_controllers/ux_hcd_rz_entry.c
../common/usbx_host_controllers/ux_hcd_rz_endpoint_reset.c
Building file: ../common/usbx_host_controllers/ux_hcd_rz_fifo_port_change.c
Building file: ../common/usbx_host_controllers/ux_hcd_rz_fifo_read.c
../common/usbx_host_controllers/ux_hcd_rz_entry.c
../common/usbx_host_controllers/ux_hcd_rz_fifo_port_change.c
../common/usbx_host_controllers/ux_hcd_rz_fifo_read.c
Building file: ../common/usbx_host_controllers/ux_hcd_rz_fifoc_write.c
Building file: ../common/usbx_host_controllers/ux_hcd_rz_fifod_write.c
Building file: ../common/usbx_host_controllers/ux_hcd_rz_frame_number_get.c
../common/usbx_host_controllers/ux_hcd_rz_fifoc_write.c
../common/usbx_host_controllers/ux_hcd_rz_fifod_write.c
Building file: ../common/usbx_host_controllers/ux_hcd_rz_frame_number_set.c
Building file: ../common/usbx_host_controllers/ux_hcd_rz_initialize.c
../common/usbx_host_controllers/ux_hcd_rz_frame_number_get.c
../common/usbx_host_controllers/ux_hcd_rz_frame_number_set.c
Building file: ../common/usbx_host_controllers/ux_hcd_rz_interrupt_endpoint_create.c
../common/usbx_host_controllers/ux_hcd_rz_initialize.c
Building file: ../common/usbx_host_controllers/ux_hcd_rz_interrupt_handler.c
../common/usbx_host_controllers/ux_hcd_rz_interrupt_endpoint_create.c
Building file: ../common/usbx_host_controllers/ux_hcd_rz_iso_queue_process.c
../common/usbx_host_controllers/ux_hcd_rz_interrupt_handler.c
../common/usbx_host_controllers/ux_hcd_rz_iso_queue_process.c
Building file: ../common/usbx_host_controllers/ux_hcd_rz_iso_schedule.c
../common/usbx_host_controllers/ux_hcd_rz_iso_schedule.c
Building file: ../common/usbx_host_controllers/ux_hcd_rz_isochronous_endpoint_create.c
Building file: ../common/usbx_host_controllers/ux_hcd_rz_isochronous_td_obtain.c
Building file: ../common/usbx_host_controllers/ux_hcd_rz_least_traffic_list_get.c
../common/usbx_host_controllers/ux_hcd_rz_isochronous_td_obtain.c
../common/usbx_host_controllers/ux_hcd_rz_least_traffic_list_get.c
../common/usbx_host_controllers/ux_hcd_rz_isochronous_endpoint_create.c
Building file: ../common/usbx_host_controllers/ux_hcd_rz_low_level_setup.c
Building file: ../common/usbx_host_controllers/ux_hcd_rz_periodic_endpoint_destroy.c
Building file: ../common/usbx_host_controllers/ux_hcd_rz_periodic_schedule.c
../common/usbx_host_controllers/ux_hcd_rz_low_level_setup.c
Building file: ../common/usbx_host_controllers/ux_hcd_rz_periodic_tree_create.c
../common/usbx_host_controllers/ux_hcd_rz_periodic_endpoint_destroy.c
../common/usbx_host_controllers/ux_hcd_rz_periodic_schedule.c
../common/usbx_host_controllers/ux_hcd_rz_periodic_tree_create.c
Building file: ../common/usbx_host_controllers/ux_hcd_rz_port_disable.c
Building file: ../common/usbx_host_controllers/ux_hcd_rz_port_enable.c
Building file: ../common/usbx_host_controllers/ux_hcd_rz_port_reset.c
../common/usbx_host_controllers/ux_hcd_rz_port_disable.c
../common/usbx_host_controllers/ux_hcd_rz_port_enable.c
../common/usbx_host_controllers/ux_hcd_rz_port_reset.c
Building file: ../common/usbx_host_controllers/ux_hcd_rz_port_resume.c
Building file: ../common/usbx_host_controllers/ux_hcd_rz_port_status_get.c
Building file: ../common/usbx_host_controllers/ux_hcd_rz_port_suspend.c
../common/usbx_host_controllers/ux_hcd_rz_port_resume.c
Building file: ../common/usbx_host_controllers/ux_hcd_rz_power_down_port.c
../common/usbx_host_controllers/ux_hcd_rz_port_status_get.c
Building file: ../common/usbx_host_controllers/ux_hcd_rz_power_on_port.c
../common/usbx_host_controllers/ux_hcd_rz_port_suspend.c
../common/usbx_host_controllers/ux_hcd_rz_power_down_port.c
../common/usbx_host_controllers/ux_hcd_rz_power_on_port.c
Building file: ../common/usbx_host_controllers/ux_hcd_rz_power_root_hubs.c
Building file: ../common/usbx_host_controllers/ux_hcd_rz_register_clear.c
../common/usbx_host_controllers/ux_hcd_rz_power_root_hubs.c
Building file: ../common/usbx_host_controllers/ux_hcd_rz_register_read.c
../common/usbx_host_controllers/ux_hcd_rz_register_clear.c
../common/usbx_host_controllers/ux_hcd_rz_register_read.c
Building file: ../common/usbx_host_controllers/ux_hcd_rz_register_set.c
../common/usbx_host_controllers/ux_hcd_rz_register_set.c
Building file: ../common/usbx_host_controllers/ux_hcd_rz_register_write.c
Building file: ../common/usbx_host_controllers/ux_hcd_rz_regular_td_obtain.c
../common/usbx_host_controllers/ux_hcd_rz_register_write.c
Building file: ../common/usbx_host_controllers/ux_hcd_rz_request_bulk_transfer.c
Building file: ../common/usbx_host_controllers/ux_hcd_rz_request_control_transfer.c
../common/usbx_host_controllers/ux_hcd_rz_request_bulk_transfer.c
../common/usbx_host_controllers/ux_hcd_rz_regular_td_obtain.c
Building file: ../common/usbx_host_controllers/ux_hcd_rz_request_interupt_transfer.c
Building file: ../common/usbx_host_controllers/ux_hcd_rz_request_isochronous_transfer.c
Building file: ../common/usbx_host_controllers/ux_hcd_rz_request_transfer.c
../common/usbx_host_controllers/ux_hcd_rz_request_control_transfer.c
../common/usbx_host_controllers/ux_hcd_rz_request_interupt_transfer.c
../common/usbx_host_controllers/ux_hcd_rz_request_isochronous_transfer.c
../common/usbx_host_controllers/ux_hcd_rz_request_transfer.c
Building file: ../common/usbx_host_controllers/ux_hcd_rz_td_add.c
../common/usbx_host_controllers/ux_hcd_rz_td_add.c
Building file: ../common/usbx_host_controllers/ux_hcd_rz_transfer_abort.c
../common/usbx_host_controllers/ux_hcd_rz_transfer_abort.c
Building file: ../common/usbx_host_classes/src/ux_host_class_storage_activate.c
Building file: ../common/usbx_host_classes/src/ux_host_class_storage_cbw_initialize.c
Building file: ../common/usbx_host_classes/src/ux_host_class_storage_configure.c
../common/usbx_host_classes/src/ux_host_class_storage_activate.c
../common/usbx_host_classes/src/ux_host_class_storage_cbw_initialize.c
../common/usbx_host_classes/src/ux_host_class_storage_configure.c
Building file: ../common/usbx_host_classes/src/ux_host_class_storage_deactivate.c
Building file: ../common/usbx_host_classes/src/ux_host_class_storage_device_initialize.c
Building file: ../common/usbx_host_classes/src/ux_host_class_storage_device_reset.c
../common/usbx_host_classes/src/ux_host_class_storage_deactivate.c
Building file: ../common/usbx_host_classes/src/ux_host_class_storage_device_support_check.c
../common/usbx_host_classes/src/ux_host_class_storage_device_initialize.c
../common/usbx_host_classes/src/ux_host_class_storage_device_reset.c
../common/usbx_host_classes/src/ux_host_class_storage_device_support_check.c
Building file: ../common/usbx_host_classes/src/ux_host_class_storage_driver_entry.c
../common/usbx_host_classes/src/ux_host_class_storage_driver_entry.c
Building file: ../common/usbx_host_classes/src/ux_host_class_storage_endpoints_get.c
Building file: ../common/usbx_host_classes/src/ux_host_class_storage_entry.c
../common/usbx_host_classes/src/ux_host_class_storage_entry.c
../common/usbx_host_classes/src/ux_host_class_storage_endpoints_get.c
Building file: ../common/usbx_host_classes/src/ux_host_class_storage_max_lun_get.c
../common/usbx_host_classes/src/ux_host_class_storage_max_lun_get.c
Building file: ../common/usbx_host_classes/src/ux_host_class_storage_media_capacity_get.c
Building file: ../common/usbx_host_classes/src/ux_host_class_storage_media_characteristics_get.c
Building file: ../common/usbx_host_classes/src/ux_host_class_storage_media_format_capacity_get.c
Building file: ../common/usbx_host_classes/src/ux_host_class_storage_media_get.c
../common/usbx_host_classes/src/ux_host_class_storage_media_capacity_get.c
../common/usbx_host_classes/src/ux_host_class_storage_media_characteristics_get.c
Building file: ../common/usbx_host_classes/src/ux_host_class_storage_media_lock.c
../common/usbx_host_classes/src/ux_host_class_storage_media_get.c
../common/usbx_host_classes/src/ux_host_class_storage_media_format_capacity_get.c
../common/usbx_host_classes/src/ux_host_class_storage_media_lock.c
Building file: ../common/usbx_host_classes/src/ux_host_class_storage_media_open.c
Building file: ../common/usbx_host_classes/src/ux_host_class_storage_media_mount.c
Building file: ../common/usbx_host_classes/src/ux_host_class_storage_media_protection_check.c
Building file: ../common/usbx_host_classes/src/ux_host_class_storage_media_read.c
../common/usbx_host_classes/src/ux_host_class_storage_media_mount.c
../common/usbx_host_classes/src/ux_host_class_storage_media_read.c
../common/usbx_host_classes/src/ux_host_class_storage_media_open.c
../common/usbx_host_classes/src/ux_host_class_storage_media_protection_check.c
Building file: ../common/usbx_host_classes/src/ux_host_class_storage_media_recovery_sense_get.c
Building file: ../common/usbx_host_classes/src/ux_host_class_storage_media_write.c
Building file: ../common/usbx_host_classes/src/ux_host_class_storage_partition_read.c
../common/usbx_host_classes/src/ux_host_class_storage_media_recovery_sense_get.c
../common/usbx_host_classes/src/ux_host_class_storage_partition_read.c
../common/usbx_host_classes/src/ux_host_class_storage_media_write.c
Building file: ../common/usbx_host_classes/src/ux_host_class_storage_request_sense.c
Building file: ../common/usbx_host_classes/src/ux_host_class_storage_sense_code_translate.c
Building file: ../common/usbx_host_classes/src/ux_host_class_storage_start_stop.c
../common/usbx_host_classes/src/ux_host_class_storage_request_sense.c
Building file: ../common/usbx_host_classes/src/ux_host_class_storage_thread_entry.c
../common/usbx_host_classes/src/ux_host_class_storage_sense_code_translate.c
../common/usbx_host_classes/src/ux_host_class_storage_start_stop.c
Building file: ../common/usbx_host_classes/src/ux_host_class_storage_transport.c
../common/usbx_host_classes/src/ux_host_class_storage_thread_entry.c
Building file: ../common/usbx_host_classes/src/ux_host_class_storage_transport_bo.c
Building file: ../common/usbx_host_classes/src/ux_host_class_storage_transport_cb.c
../common/usbx_host_classes/src/ux_host_class_storage_transport.c
../common/usbx_host_classes/src/ux_host_class_storage_transport_bo.c
../common/usbx_host_classes/src/ux_host_class_storage_transport_cb.c
Building file: ../common/usbx_host_classes/src/ux_host_class_storage_transport_cbi.c
Building file: ../common/usbx_host_classes/src/ux_host_class_storage_unit_ready_test.c
../common/usbx_host_classes/src/ux_host_class_storage_unit_ready_test.c
../common/usbx_host_classes/src/ux_host_class_storage_transport_cbi.c
Building file: ../common/usbx_device_controllers/ux_dcd_rz_address_set.c
Building file: ../common/usbx_device_controllers/ux_dcd_rz_buffer_empty_interrupt.c
../common/usbx_device_controllers/ux_dcd_rz_address_set.c
Building file: ../common/usbx_device_controllers/ux_dcd_rz_buffer_notready_interrupt.c
Building file: ../common/usbx_device_controllers/ux_dcd_rz_buffer_read.c
../common/usbx_device_controllers/ux_dcd_rz_buffer_notready_interrupt.c
Building file: ../common/usbx_device_controllers/ux_dcd_rz_buffer_ready_interrupt.c
../common/usbx_device_controllers/ux_dcd_rz_buffer_empty_interrupt.c
../common/usbx_device_controllers/ux_dcd_rz_buffer_read.c
Building file: ../common/usbx_device_controllers/ux_dcd_rz_buffer_write.c
../common/usbx_device_controllers/ux_dcd_rz_buffer_write.c
../common/usbx_device_controllers/ux_dcd_rz_buffer_ready_interrupt.c
Building file: ../common/usbx_device_controllers/ux_dcd_rz_current_endpoint_change.c
Building file: ../common/usbx_device_controllers/ux_dcd_rz_data_buffersize.c
Building file: ../common/usbx_device_controllers/ux_dcd_rz_dma_register_clear.c
../common/usbx_device_controllers/ux_dcd_rz_data_buffersize.c
../common/usbx_device_controllers/ux_dcd_rz_current_endpoint_change.c
../common/usbx_device_controllers/ux_dcd_rz_dma_register_clear.c
Building file: ../common/usbx_device_controllers/ux_dcd_rz_dma_register_read.c
../common/usbx_device_controllers/ux_dcd_rz_dma_register_read.c
Building file: ../common/usbx_device_controllers/ux_dcd_rz_dma_register_set.c
../common/usbx_device_controllers/ux_dcd_rz_dma_register_set.c
Building file: ../common/usbx_device_controllers/ux_dcd_rz_dma_register_write.c
Building file: ../common/usbx_device_controllers/ux_dcd_rz_dma_rx_interrupt_handler.c
../common/usbx_device_controllers/ux_dcd_rz_dma_register_write.c
Building file: ../common/usbx_device_controllers/ux_dcd_rz_dma_tx_interrupt_handler.c
../common/usbx_device_controllers/ux_dcd_rz_dma_rx_interrupt_handler.c
Building file: ../common/usbx_device_controllers/ux_dcd_rz_endpoint_create.c
Building file: ../common/usbx_device_controllers/ux_dcd_rz_endpoint_destroy.c
../common/usbx_device_controllers/ux_dcd_rz_dma_tx_interrupt_handler.c
Building file: ../common/usbx_device_controllers/ux_dcd_rz_endpoint_nak_set.c
../common/usbx_device_controllers/ux_dcd_rz_endpoint_destroy.c
../common/usbx_device_controllers/ux_dcd_rz_endpoint_nak_set.c
../common/usbx_device_controllers/ux_dcd_rz_endpoint_create.c
Building file: ../common/usbx_device_controllers/ux_dcd_rz_endpoint_reset.c
Building file: ../common/usbx_device_controllers/ux_dcd_rz_endpoint_stall.c
../common/usbx_device_controllers/ux_dcd_rz_endpoint_reset.c
../common/usbx_device_controllers/ux_dcd_rz_endpoint_stall.c
Building file: ../common/usbx_device_controllers/ux_dcd_rz_endpoint_status.c
../common/usbx_device_controllers/ux_dcd_rz_endpoint_status.c
Building file: ../common/usbx_device_controllers/ux_dcd_rz_fifo_port_change.c
Building file: ../common/usbx_device_controllers/ux_dcd_rz_fifo_read.c
Building file: ../common/usbx_device_controllers/ux_dcd_rz_fifoc_write.c
../common/usbx_device_controllers/ux_dcd_rz_fifo_port_change.c
../common/usbx_device_controllers/ux_dcd_rz_fifo_read.c
Building file: ../common/usbx_device_controllers/ux_dcd_rz_fifod_write.c
../common/usbx_device_controllers/ux_dcd_rz_fifoc_write.c
Building file: ../common/usbx_device_controllers/ux_dcd_rz_frame_number_get.c
Building file: ../common/usbx_device_controllers/ux_dcd_rz_function.c
../common/usbx_device_controllers/ux_dcd_rz_fifod_write.c
Building file: ../common/usbx_device_controllers/ux_dcd_rz_initialize.c
../common/usbx_device_controllers/ux_dcd_rz_frame_number_get.c
../common/usbx_device_controllers/ux_dcd_rz_function.c
Building file: ../common/usbx_device_controllers/ux_dcd_rz_initialize_complete.c
../common/usbx_device_controllers/ux_dcd_rz_initialize.c
../common/usbx_device_controllers/ux_dcd_rz_initialize_complete.c
Building file: ../common/usbx_device_controllers/ux_dcd_rz_interrupt_handler.c
Building file: ../common/usbx_device_controllers/ux_dcd_rz_low_level_setup.c
../common/usbx_device_controllers/ux_dcd_rz_low_level_setup.c
../common/usbx_device_controllers/ux_dcd_rz_interrupt_handler.c
Building file: ../common/usbx_device_controllers/ux_dcd_rz_pipe_select.c
../common/usbx_device_controllers/ux_dcd_rz_pipe_select.c
Building file: ../common/usbx_device_controllers/ux_dcd_rz_register_clear.c
Building file: ../common/usbx_device_controllers/ux_dcd_rz_register_read.c
../common/usbx_device_controllers/ux_dcd_rz_register_clear.c
Building file: ../common/usbx_device_controllers/ux_dcd_rz_register_set.c
../common/usbx_device_controllers/ux_dcd_rz_register_read.c
Building file: ../common/usbx_device_controllers/ux_dcd_rz_register_write.c
Building file: ../common/usbx_device_controllers/ux_dcd_rz_state_change.c
Building file: ../common/usbx_device_controllers/ux_dcd_rz_transfer_callback.c
../common/usbx_device_controllers/ux_dcd_rz_register_set.c
../common/usbx_device_controllers/ux_dcd_rz_register_write.c
Building file: ../common/usbx_device_controllers/ux_dcd_rz_transfer_request.c
Building file: ../common/usbx_device_classes/src/ux_device_class_audio10_control_process.c
../common/usbx_device_controllers/ux_dcd_rz_transfer_callback.c
../common/usbx_device_controllers/ux_dcd_rz_state_change.c
Building file: ../common/usbx_device_classes/src/ux_device_class_audio20_control_process.c
../common/usbx_device_controllers/ux_dcd_rz_transfer_request.c
../common/usbx_device_classes/src/ux_device_class_audio20_control_process.c
../common/usbx_device_classes/src/ux_device_class_audio10_control_process.c
Building file: ../common/usbx_device_classes/src/ux_device_class_audio_activate.c
../common/usbx_device_classes/src/ux_device_class_audio_activate.c
Building file: ../common/usbx_device_classes/src/ux_device_class_audio_change.c
../common/usbx_device_classes/src/ux_device_class_audio_change.c
Building file: ../common/usbx_device_classes/src/ux_device_class_audio_control_request.c
../common/usbx_device_classes/src/ux_device_class_audio_control_request.c
Building file: ../common/usbx_device_classes/src/ux_device_class_audio_deactivate.c
Building file: ../common/usbx_device_classes/src/ux_device_class_audio_entry.c
Building file: ../common/usbx_device_classes/src/ux_device_class_audio_frame_write.c
../common/usbx_device_classes/src/ux_device_class_audio_deactivate.c
../common/usbx_device_classes/src/ux_device_class_audio_entry.c
Building file: ../common/usbx_device_classes/src/ux_device_class_audio_initialize.c
Building file: ../common/usbx_device_classes/src/ux_device_class_audio_ioctl.c
../common/usbx_device_classes/src/ux_device_class_audio_frame_write.c
Building file: ../common/usbx_device_classes/src/ux_device_class_audio_read_frame_free.c
../common/usbx_device_classes/src/ux_device_class_audio_initialize.c
../common/usbx_device_classes/src/ux_device_class_audio_ioctl.c
../common/usbx_device_classes/src/ux_device_class_audio_read_frame_free.c
Building file: ../common/usbx_device_classes/src/ux_device_class_audio_read_frame_get.c
Building file: ../common/usbx_device_classes/src/ux_device_class_audio_read_thread_entry.c
../common/usbx_device_classes/src/ux_device_class_audio_read_frame_get.c
../common/usbx_device_classes/src/ux_device_class_audio_read_thread_entry.c
Building file: ../common/usbx_device_classes/src/ux_device_class_audio_reception_start.c
Building file: ../common/usbx_device_classes/src/ux_device_class_audio_sample_read16.c
../common/usbx_device_classes/src/ux_device_class_audio_reception_start.c
Building file: ../common/usbx_device_classes/src/ux_device_class_audio_sample_read24.c
../common/usbx_device_classes/src/ux_device_class_audio_sample_read16.c
Building file: ../common/usbx_device_classes/src/ux_device_class_audio_sample_read32.c
Building file: ../common/usbx_device_classes/src/ux_device_class_audio_sample_read8.c
../common/usbx_device_classes/src/ux_device_class_audio_sample_read32.c
../common/usbx_device_classes/src/ux_device_class_audio_sample_read24.c
Building file: ../common/usbx_device_classes/src/ux_device_class_audio_stream_get.c
Building file: ../common/usbx_device_classes/src/ux_device_class_audio_transmission_start.c
../common/usbx_device_classes/src/ux_device_class_audio_sample_read8.c
../common/usbx_device_classes/src/ux_device_class_audio_stream_get.c
Building file: ../common/usbx_device_classes/src/ux_device_class_audio_unitialize.c
../common/usbx_device_classes/src/ux_device_class_audio_transmission_start.c
Building file: ../common/usbx_device_classes/src/ux_device_class_audio_write_frame_commit.c
../common/usbx_device_classes/src/ux_device_class_audio_unitialize.c
Building file: ../common/usbx_device_classes/src/ux_device_class_audio_write_frame_get.c
../common/usbx_device_classes/src/ux_device_class_audio_write_frame_commit.c
Building file: ../common/usbx_device_classes/src/ux_device_class_audio_write_thread_entry.c
../common/usbx_device_classes/src/ux_device_class_audio_write_frame_get.c
../common/usbx_device_classes/src/ux_device_class_audio_write_thread_entry.c
Building file: ../common/usbx_device_classes/src/ux_device_class_cdc_acm_activate.c
../common/usbx_device_classes/src/ux_device_class_cdc_acm_activate.c
Building file: ../common/usbx_device_classes/src/ux_device_class_cdc_acm_bulkin_thread.c
Building file: ../common/usbx_device_classes/src/ux_device_class_cdc_acm_bulkout_thread.c
../common/usbx_device_classes/src/ux_device_class_cdc_acm_bulkin_thread.c
../common/usbx_device_classes/src/ux_device_class_cdc_acm_bulkout_thread.c
Building file: ../common/usbx_device_classes/src/ux_device_class_cdc_acm_control_request.c
Building file: ../common/usbx_device_classes/src/ux_device_class_cdc_acm_deactivate.c
../common/usbx_device_classes/src/ux_device_class_cdc_acm_control_request.c
../common/usbx_device_classes/src/ux_device_class_cdc_acm_deactivate.c
Building file: ../common/usbx_device_classes/src/ux_device_class_cdc_acm_initialize.c
Building file: ../common/usbx_device_classes/src/ux_device_class_cdc_acm_ioctl.c
Building file: ../common/usbx_device_classes/src/ux_device_class_cdc_acm_read.c
Building file: ../common/usbx_device_classes/src/ux_device_class_cdc_acm_entry.c
../common/usbx_device_classes/src/ux_device_class_cdc_acm_entry.c
../common/usbx_device_classes/src/ux_device_class_cdc_acm_read.c
../common/usbx_device_classes/src/ux_device_class_cdc_acm_ioctl.c
../common/usbx_device_classes/src/ux_device_class_cdc_acm_initialize.c
Building file: ../common/usbx_device_classes/src/ux_device_class_cdc_acm_unitialize.c
Building file: ../common/usbx_device_classes/src/ux_device_class_cdc_acm_write.c
Building file: ../common/usbx_device_classes/src/ux_device_class_cdc_acm_write_with_callback.c
../common/usbx_device_classes/src/ux_device_class_cdc_acm_unitialize.c
../common/usbx_device_classes/src/ux_device_class_cdc_acm_write.c
../common/usbx_device_classes/src/ux_device_class_cdc_acm_write_with_callback.c
Building file: ../common/usbx_device_classes/src/ux_device_class_cdc_ecm_activate.c
Building file: ../common/usbx_device_classes/src/ux_device_class_cdc_ecm_bulkout_thread.c
Building file: ../common/usbx_device_classes/src/ux_device_class_cdc_ecm_bulkin_thread.c
Building file: ../common/usbx_device_classes/src/ux_device_class_cdc_ecm_change.c
../common/usbx_device_classes/src/ux_device_class_cdc_ecm_activate.c
../common/usbx_device_classes/src/ux_device_class_cdc_ecm_bulkout_thread.c
../common/usbx_device_classes/src/ux_device_class_cdc_ecm_bulkin_thread.c
../common/usbx_device_classes/src/ux_device_class_cdc_ecm_change.c
Building file: ../common/usbx_device_classes/src/ux_device_class_cdc_ecm_control_request.c
Building file: ../common/usbx_device_classes/src/ux_device_class_cdc_ecm_deactivate.c
../common/usbx_device_classes/src/ux_device_class_cdc_ecm_control_request.c
Building file: ../common/usbx_device_classes/src/ux_device_class_cdc_ecm_entry.c
Building file: ../common/usbx_device_classes/src/ux_device_class_cdc_ecm_interrupt_thread.c
Building file: ../common/usbx_device_classes/src/ux_device_class_cdc_ecm_initialize.c
../common/usbx_device_classes/src/ux_device_class_cdc_ecm_deactivate.c
Building file: ../common/usbx_device_classes/src/ux_device_class_cdc_ecm_uninitialize.c
../common/usbx_device_classes/src/ux_device_class_cdc_ecm_entry.c
../common/usbx_device_classes/src/ux_device_class_cdc_ecm_interrupt_thread.c
Building file: ../common/usbx_device_classes/src/ux_device_class_cdc_ecm_write.c
Building file: ../common/usbx_device_classes/src/ux_device_class_dfu_activate.c
../common/usbx_device_classes/src/ux_device_class_cdc_ecm_initialize.c
../common/usbx_device_classes/src/ux_device_class_cdc_ecm_uninitialize.c
../common/usbx_device_classes/src/ux_device_class_cdc_ecm_write.c
../common/usbx_device_classes/src/ux_device_class_dfu_activate.c
Building file: ../common/usbx_device_classes/src/ux_device_class_dfu_control_request.c
Building file: ../common/usbx_device_classes/src/ux_device_class_dfu_deactivate.c
../common/usbx_device_classes/src/ux_device_class_dfu_control_request.c
Building file: ../common/usbx_device_classes/src/ux_device_class_dfu_entry.c
../common/usbx_device_classes/src/ux_device_class_dfu_deactivate.c
../common/usbx_device_classes/src/ux_device_class_dfu_entry.c
Building file: ../common/usbx_device_classes/src/ux_device_class_dfu_initialize.c
Building file: ../common/usbx_device_classes/src/ux_device_class_dfu_thread.c
../common/usbx_device_classes/src/ux_device_class_dfu_initialize.c
../common/usbx_device_classes/src/ux_device_class_dfu_thread.c
Building file: ../common/usbx_device_classes/src/ux_device_class_hid_activate.c
Building file: ../common/usbx_device_classes/src/ux_device_class_hid_control_request.c
Building file: ../common/usbx_device_classes/src/ux_device_class_hid_deactivate.c
Building file: ../common/usbx_device_classes/src/ux_device_class_hid_descriptor_send.c
../common/usbx_device_classes/src/ux_device_class_hid_activate.c
../common/usbx_device_classes/src/ux_device_class_hid_control_request.c
../common/usbx_device_classes/src/ux_device_class_hid_deactivate.c
../common/usbx_device_classes/src/ux_device_class_hid_descriptor_send.c
Building file: ../common/usbx_device_classes/src/ux_device_class_hid_entry.c
Building file: ../common/usbx_device_classes/src/ux_device_class_hid_event_get.c
../common/usbx_device_classes/src/ux_device_class_hid_entry.c
Building file: ../common/usbx_device_classes/src/ux_device_class_hid_initialize.c
Building file: ../common/usbx_device_classes/src/ux_device_class_hid_interrupt_thread.c
Building file: ../common/usbx_device_classes/src/ux_device_class_hid_event_set.c
../common/usbx_device_classes/src/ux_device_class_hid_event_get.c
../common/usbx_device_classes/src/ux_device_class_hid_initialize.c
Building file: ../common/usbx_device_classes/src/ux_device_class_hid_report_get.c
../common/usbx_device_classes/src/ux_device_class_hid_event_set.c
../common/usbx_device_classes/src/ux_device_class_hid_interrupt_thread.c
Building file: ../common/usbx_device_classes/src/ux_device_class_hid_report_set.c
../common/usbx_device_classes/src/ux_device_class_hid_report_get.c
../common/usbx_device_classes/src/ux_device_class_hid_report_set.c
Building file: ../common/usbx_device_classes/src/ux_device_class_hid_uninitialize.c
Building file: ../common/usbx_device_classes/src/ux_device_class_pima_activate.c
../common/usbx_device_classes/src/ux_device_class_hid_uninitialize.c
Building file: ../common/usbx_device_classes/src/ux_device_class_pima_control_request.c
Building file: ../common/usbx_device_classes/src/ux_device_class_pima_data.c
../common/usbx_device_classes/src/ux_device_class_pima_activate.c
Building file: ../common/usbx_device_classes/src/ux_device_class_pima_deactivate.c
../common/usbx_device_classes/src/ux_device_class_pima_control_request.c
../common/usbx_device_classes/src/ux_device_class_pima_data.c
Building file: ../common/usbx_device_classes/src/ux_device_class_pima_device_info_send.c
../common/usbx_device_classes/src/ux_device_class_pima_deactivate.c
Building file: ../common/usbx_device_classes/src/ux_device_class_pima_device_prop_desc_get.c
../common/usbx_device_classes/src/ux_device_class_pima_device_info_send.c
../common/usbx_device_classes/src/ux_device_class_pima_device_prop_desc_get.c
Building file: ../common/usbx_device_classes/src/ux_device_class_pima_device_prop_value_get.c
Building file: ../common/usbx_device_classes/src/ux_device_class_pima_device_prop_value_set.c
Building file: ../common/usbx_device_classes/src/ux_device_class_pima_device_reset.c
../common/usbx_device_classes/src/ux_device_class_pima_device_prop_value_get.c
../common/usbx_device_classes/src/ux_device_class_pima_device_prop_value_set.c
../common/usbx_device_classes/src/ux_device_class_pima_device_reset.c
Building file: ../common/usbx_device_classes/src/ux_device_class_pima_entry.c
Building file: ../common/usbx_device_classes/src/ux_device_class_pima_event_set.c
Building file: ../common/usbx_device_classes/src/ux_device_class_pima_event_get.c
../common/usbx_device_classes/src/ux_device_class_pima_entry.c
../common/usbx_device_classes/src/ux_device_class_pima_event_set.c
Building file: ../common/usbx_device_classes/src/ux_device_class_pima_initialize.c
../common/usbx_device_classes/src/ux_device_class_pima_event_get.c
../common/usbx_device_classes/src/ux_device_class_pima_initialize.c
Building file: ../common/usbx_device_classes/src/ux_device_class_pima_interrupt_thread.c
Building file: ../common/usbx_device_classes/src/ux_device_class_pima_object_add.c
Building file: ../common/usbx_device_classes/src/ux_device_class_pima_object_data_get.c
../common/usbx_device_classes/src/ux_device_class_pima_interrupt_thread.c
../common/usbx_device_classes/src/ux_device_class_pima_object_add.c
../common/usbx_device_classes/src/ux_device_class_pima_object_data_get.c
Building file: ../common/usbx_device_classes/src/ux_device_class_pima_object_data_send.c
../common/usbx_device_classes/src/ux_device_class_pima_object_data_send.c
Building file: ../common/usbx_device_classes/src/ux_device_class_pima_object_delete.c
Building file: ../common/usbx_device_classes/src/ux_device_class_pima_object_handles_send.c
Building file: ../common/usbx_device_classes/src/ux_device_class_pima_object_info_get.c
../common/usbx_device_classes/src/ux_device_class_pima_object_delete.c
../common/usbx_device_classes/src/ux_device_class_pima_object_handles_send.c
Building file: ../common/usbx_device_classes/src/ux_device_class_pima_object_info_send.c
Building file: ../common/usbx_device_classes/src/ux_device_class_pima_object_prop_desc_get.c
../common/usbx_device_classes/src/ux_device_class_pima_object_info_get.c
../common/usbx_device_classes/src/ux_device_class_pima_object_info_send.c
../common/usbx_device_classes/src/ux_device_class_pima_object_prop_desc_get.c
Building file: ../common/usbx_device_classes/src/ux_device_class_pima_object_prop_value_get.c
Building file: ../common/usbx_device_classes/src/ux_device_class_pima_object_prop_value_set.c
../common/usbx_device_classes/src/ux_device_class_pima_object_prop_value_get.c
../common/usbx_device_classes/src/ux_device_class_pima_object_prop_value_set.c
Building file: ../common/usbx_device_classes/src/ux_device_class_pima_object_props_supported_get.c
Building file: ../common/usbx_device_classes/src/ux_device_class_pima_object_references_get.c
../common/usbx_device_classes/src/ux_device_class_pima_object_props_supported_get.c
../common/usbx_device_classes/src/ux_device_class_pima_object_references_get.c
Building file: ../common/usbx_device_classes/src/ux_device_class_pima_object_references_set.c
Building file: ../common/usbx_device_classes/src/ux_device_class_pima_objects_number_send.c
Building file: ../common/usbx_device_classes/src/ux_device_class_pima_partial_object_data_get.c
../common/usbx_device_classes/src/ux_device_class_pima_object_references_set.c
Building file: ../common/usbx_device_classes/src/ux_device_class_pima_response_send.c
../common/usbx_device_classes/src/ux_device_class_pima_objects_number_send.c
../common/usbx_device_classes/src/ux_device_class_pima_partial_object_data_get.c
../common/usbx_device_classes/src/ux_device_class_pima_response_send.c
Building file: ../common/usbx_device_classes/src/ux_device_class_pima_storage_format.c
Building file: ../common/usbx_device_classes/src/ux_device_class_pima_storage_id_send.c
../common/usbx_device_classes/src/ux_device_class_pima_storage_format.c
../common/usbx_device_classes/src/ux_device_class_pima_storage_id_send.c
Building file: ../common/usbx_device_classes/src/ux_device_class_pima_thread.c
Building file: ../common/usbx_device_classes/src/ux_device_class_rndis_activate.c
Building file: ../common/usbx_device_classes/src/ux_device_class_pima_storage_info_get.c
../common/usbx_device_classes/src/ux_device_class_pima_storage_info_get.c
../common/usbx_device_classes/src/ux_device_class_pima_thread.c
Building file: ../common/usbx_device_classes/src/ux_device_class_rndis_bulkin_thread.c
Building file: ../common/usbx_device_classes/src/ux_device_class_rndis_bulkout_thread.c
../common/usbx_device_classes/src/ux_device_class_rndis_activate.c
Building file: ../common/usbx_device_classes/src/ux_device_class_rndis_control_request.c
../common/usbx_device_classes/src/ux_device_class_rndis_bulkin_thread.c
../common/usbx_device_classes/src/ux_device_class_rndis_bulkout_thread.c
../common/usbx_device_classes/src/ux_device_class_rndis_control_request.c
Building file: ../common/usbx_device_classes/src/ux_device_class_rndis_deactivate.c
../common/usbx_device_classes/src/ux_device_class_rndis_deactivate.c
Building file: ../common/usbx_device_classes/src/ux_device_class_rndis_entry.c
Building file: ../common/usbx_device_classes/src/ux_device_class_rndis_initialize.c
Building file: ../common/usbx_device_classes/src/ux_device_class_rndis_interrupt_thread.c
../common/usbx_device_classes/src/ux_device_class_rndis_entry.c
Building file: ../common/usbx_device_classes/src/ux_device_class_rndis_msg_initialize.c
../common/usbx_device_classes/src/ux_device_class_rndis_initialize.c
../common/usbx_device_classes/src/ux_device_class_rndis_interrupt_thread.c
Building file: ../common/usbx_device_classes/src/ux_device_class_rndis_msg_keep_alive.c
../common/usbx_device_classes/src/ux_device_class_rndis_msg_initialize.c
../common/usbx_device_classes/src/ux_device_class_rndis_msg_keep_alive.c
Building file: ../common/usbx_device_classes/src/ux_device_class_rndis_msg_query.c
Building file: ../common/usbx_device_classes/src/ux_device_class_rndis_msg_reset.c
Building file: ../common/usbx_device_classes/src/ux_device_class_rndis_msg_set.c
../common/usbx_device_classes/src/ux_device_class_rndis_msg_query.c
../common/usbx_device_classes/src/ux_device_class_rndis_msg_reset.c
Building file: ../common/usbx_device_classes/src/ux_device_class_storage_activate.c
../common/usbx_device_classes/src/ux_device_class_rndis_msg_set.c
Building file: ../common/usbx_device_classes/src/ux_device_class_storage_control_request.c
Building file: ../common/usbx_device_classes/src/ux_device_class_rndis_write.c
../common/usbx_device_classes/src/ux_device_class_storage_activate.c
Building file: ../common/usbx_device_classes/src/ux_device_class_storage_csw_send.c
../common/usbx_device_classes/src/ux_device_class_storage_control_request.c
../common/usbx_device_classes/src/ux_device_class_rndis_write.c
Building file: ../common/usbx_device_classes/src/ux_device_class_storage_deactivate.c
../common/usbx_device_classes/src/ux_device_class_storage_csw_send.c
../common/usbx_device_classes/src/ux_device_class_storage_deactivate.c
Building file: ../common/usbx_device_classes/src/ux_device_class_storage_entry.c
../common/usbx_device_classes/src/ux_device_class_storage_entry.c
Building file: ../common/usbx_device_classes/src/ux_device_class_storage_format.c
../common/usbx_device_classes/src/ux_device_class_storage_format.c
Building file: ../common/usbx_device_classes/src/ux_device_class_storage_get_configuration.c
../common/usbx_device_classes/src/ux_device_class_storage_get_configuration.c
Building file: ../common/usbx_device_classes/src/ux_device_class_storage_get_performance.c
Building file: ../common/usbx_device_classes/src/ux_device_class_storage_get_status_notification.c
../common/usbx_device_classes/src/ux_device_class_storage_get_performance.c
Building file: ../common/usbx_device_classes/src/ux_device_class_storage_initialize.c
Building file: ../common/usbx_device_classes/src/ux_device_class_storage_inquiry.c
Building file: ../common/usbx_device_classes/src/ux_device_class_storage_mode_select.c
../common/usbx_device_classes/src/ux_device_class_storage_get_status_notification.c
../common/usbx_device_classes/src/ux_device_class_storage_initialize.c
../common/usbx_device_classes/src/ux_device_class_storage_inquiry.c
../common/usbx_device_classes/src/ux_device_class_storage_mode_select.c
Building file: ../common/usbx_device_classes/src/ux_device_class_storage_mode_sense.c
Building file: ../common/usbx_device_classes/src/ux_device_class_storage_prevent_allow_media_removal.c
../common/usbx_device_classes/src/ux_device_class_storage_mode_sense.c
Building file: ../common/usbx_device_classes/src/ux_device_class_storage_read.c
../common/usbx_device_classes/src/ux_device_class_storage_prevent_allow_media_removal.c
Building file: ../common/usbx_device_classes/src/ux_device_class_storage_read_capacity.c
Building file: ../common/usbx_device_classes/src/ux_device_class_storage_read_disk_information.c
../common/usbx_device_classes/src/ux_device_class_storage_read.c
../common/usbx_device_classes/src/ux_device_class_storage_read_capacity.c
../common/usbx_device_classes/src/ux_device_class_storage_read_disk_information.c
Building file: ../common/usbx_device_classes/src/ux_device_class_storage_read_dvd_structure.c
Building file: ../common/usbx_device_classes/src/ux_device_class_storage_read_format_capacity.c
Building file: ../common/usbx_device_classes/src/ux_device_class_storage_read_toc.c
../common/usbx_device_classes/src/ux_device_class_storage_read_dvd_structure.c
Building file: ../common/usbx_device_classes/src/ux_device_class_storage_report_key.c
../common/usbx_device_classes/src/ux_device_class_storage_read_format_capacity.c
Building file: ../common/usbx_device_classes/src/ux_device_class_storage_request_sense.c
../common/usbx_device_classes/src/ux_device_class_storage_read_toc.c
Building file: ../common/usbx_device_classes/src/ux_device_class_storage_start_stop.c
../common/usbx_device_classes/src/ux_device_class_storage_report_key.c
Building file: ../common/usbx_device_classes/src/ux_device_class_storage_synchronize_cache.c
../common/usbx_device_classes/src/ux_device_class_storage_request_sense.c
../common/usbx_device_classes/src/ux_device_class_storage_start_stop.c
../common/usbx_device_classes/src/ux_device_class_storage_synchronize_cache.c
Building file: ../common/usbx_device_classes/src/ux_device_class_storage_test_ready.c
Building file: ../common/usbx_device_classes/src/ux_device_class_storage_thread.c
Building file: ../common/usbx_device_classes/src/ux_device_class_storage_verify.c
Building file: ../common/usbx_device_classes/src/ux_device_class_storage_uninitialize.c
../common/usbx_device_classes/src/ux_device_class_storage_test_ready.c
../common/usbx_device_classes/src/ux_device_class_storage_thread.c
../common/usbx_device_classes/src/ux_device_class_storage_uninitialize.c
../common/usbx_device_classes/src/ux_device_class_storage_verify.c
Building file: ../common/usbx_device_classes/src/ux_device_class_storage_write.c
../common/usbx_device_classes/src/ux_device_class_storage_write.c
Building file: ../common/inc/usb_dma.c
Building file: ../common/inc/usb_mem.c
../common/inc/usb_dma.c
Building file: ../common/inc/usb_serial.c
../common/inc/usb_mem.c
../common/inc/usb_serial.c
Building file: ../common/core/src/ux_dcd_sim_slave_address_set.c
Building file: ../common/core/src/ux_dcd_sim_slave_endpoint_create.c
../common/core/src/ux_dcd_sim_slave_endpoint_create.c
../common/core/src/ux_dcd_sim_slave_address_set.c
Building file: ../common/core/src/ux_dcd_sim_slave_endpoint_destroy.c
Building file: ../common/core/src/ux_dcd_sim_slave_endpoint_reset.c
Building file: ../common/core/src/ux_dcd_sim_slave_endpoint_stall.c
../common/core/src/ux_dcd_sim_slave_endpoint_destroy.c
Building file: ../common/core/src/ux_dcd_sim_slave_endpoint_status.c
../common/core/src/ux_dcd_sim_slave_endpoint_reset.c
Building file: ../common/core/src/ux_dcd_sim_slave_frame_number_get.c
../common/core/src/ux_dcd_sim_slave_endpoint_stall.c
../common/core/src/ux_dcd_sim_slave_endpoint_status.c
../common/core/src/ux_dcd_sim_slave_frame_number_get.c
Building file: ../common/core/src/ux_dcd_sim_slave_function.c
Building file: ../common/core/src/ux_dcd_sim_slave_initialize.c
../common/core/src/ux_dcd_sim_slave_function.c
Building file: ../common/core/src/ux_dcd_sim_slave_initialize_complete.c
Building file: ../common/core/src/ux_dcd_sim_slave_state_change.c
Building file: ../common/core/src/ux_dcd_sim_slave_transfer_abort.c
../common/core/src/ux_dcd_sim_slave_initialize.c
Building file: ../common/core/src/ux_dcd_sim_slave_transfer_request.c
../common/core/src/ux_dcd_sim_slave_state_change.c
../common/core/src/ux_dcd_sim_slave_initialize_complete.c
../common/core/src/ux_dcd_sim_slave_transfer_abort.c
../common/core/src/ux_dcd_sim_slave_transfer_request.c
Building file: ../common/core/src/ux_device_class_dpump_activate.c
../common/core/src/ux_device_class_dpump_activate.c
Building file: ../common/core/src/ux_device_class_dpump_change.c
../common/core/src/ux_device_class_dpump_change.c
Building file: ../common/core/src/ux_device_class_dpump_entry.c
Building file: ../common/core/src/ux_device_class_dpump_deactivate.c
Building file: ../common/core/src/ux_device_class_dpump_initialize.c
Building file: ../common/core/src/ux_device_class_dpump_read.c
../common/core/src/ux_device_class_dpump_deactivate.c
../common/core/src/ux_device_class_dpump_entry.c
../common/core/src/ux_device_class_dpump_initialize.c
../common/core/src/ux_device_class_dpump_read.c
Building file: ../common/core/src/ux_device_class_dpump_thread.c
Building file: ../common/core/src/ux_device_class_dpump_write.c
../common/core/src/ux_device_class_dpump_thread.c
Building file: ../common/core/src/ux_device_stack_alternate_setting_get.c
Building file: ../common/core/src/ux_device_stack_alternate_setting_set.c
Building file: ../common/core/src/ux_device_stack_class_register.c
../common/core/src/ux_device_class_dpump_write.c
../common/core/src/ux_device_stack_alternate_setting_get.c
../common/core/src/ux_device_stack_class_register.c
../common/core/src/ux_device_stack_alternate_setting_set.c
Building file: ../common/core/src/ux_device_stack_class_unregister.c
../common/core/src/ux_device_stack_class_unregister.c
Building file: ../common/core/src/ux_device_stack_clear_feature.c
../common/core/src/ux_device_stack_clear_feature.c
Building file: ../common/core/src/ux_device_stack_configuration_get.c
Building file: ../common/core/src/ux_device_stack_configuration_set.c
../common/core/src/ux_device_stack_configuration_get.c
Building file: ../common/core/src/ux_device_stack_control_request_process.c
../common/core/src/ux_device_stack_configuration_set.c
../common/core/src/ux_device_stack_control_request_process.c
Building file: ../common/core/src/ux_device_stack_descriptor_send.c
../common/core/src/ux_device_stack_descriptor_send.c
Building file: ../common/core/src/ux_device_stack_disconnect.c
Building file: ../common/core/src/ux_device_stack_get_status.c
Building file: ../common/core/src/ux_device_stack_endpoint_stall.c
Building file: ../common/core/src/ux_device_stack_host_wakeup.c
../common/core/src/ux_device_stack_disconnect.c
../common/core/src/ux_device_stack_endpoint_stall.c
../common/core/src/ux_device_stack_host_wakeup.c
../common/core/src/ux_device_stack_get_status.c
Building file: ../common/core/src/ux_device_stack_initialize.c
../common/core/src/ux_device_stack_initialize.c
Building file: ../common/core/src/ux_device_stack_interface_delete.c
Building file: ../common/core/src/ux_device_stack_interface_get.c
Building file: ../common/core/src/ux_device_stack_interface_set.c
../common/core/src/ux_device_stack_interface_delete.c
../common/core/src/ux_device_stack_interface_get.c
Building file: ../common/core/src/ux_device_stack_microsoft_extension_register.c
Building file: ../common/core/src/ux_device_stack_interface_start.c
../common/core/src/ux_device_stack_interface_set.c
../common/core/src/ux_device_stack_microsoft_extension_register.c
Building file: ../common/core/src/ux_device_stack_transfer_abort.c
Building file: ../common/core/src/ux_device_stack_set_feature.c
../common/core/src/ux_device_stack_interface_start.c
../common/core/src/ux_device_stack_transfer_abort.c
../common/core/src/ux_device_stack_set_feature.c
Building file: ../common/core/src/ux_device_stack_transfer_all_request_abort.c
Building file: ../common/core/src/ux_device_stack_transfer_request.c
../common/core/src/ux_device_stack_transfer_all_request_abort.c
Building file: ../common/core/src/ux_device_stack_uninitialize.c
../common/core/src/ux_device_stack_transfer_request.c
Building file: ../common/core/src/ux_hcd_sim_host_asynch_queue_process.c
Building file: ../common/core/src/ux_hcd_sim_host_asynch_schedule.c
../common/core/src/ux_device_stack_uninitialize.c
../common/core/src/ux_hcd_sim_host_asynch_queue_process.c
../common/core/src/ux_hcd_sim_host_asynch_schedule.c
Building file: ../common/core/src/ux_hcd_sim_host_asynchronous_endpoint_create.c
Building file: ../common/core/src/ux_hcd_sim_host_asynchronous_endpoint_destroy.c
Building file: ../common/core/src/ux_hcd_sim_host_controller_disable.c
../common/core/src/ux_hcd_sim_host_asynchronous_endpoint_create.c
../common/core/src/ux_hcd_sim_host_asynchronous_endpoint_destroy.c
../common/core/src/ux_hcd_sim_host_controller_disable.c
Building file: ../common/core/src/ux_hcd_sim_host_ed_obtain.c
Building file: ../common/core/src/ux_hcd_sim_host_ed_td_clean.c
../common/core/src/ux_hcd_sim_host_ed_obtain.c
../common/core/src/ux_hcd_sim_host_ed_td_clean.c
Building file: ../common/core/src/ux_hcd_sim_host_endpoint_reset.c
Building file: ../common/core/src/ux_hcd_sim_host_entry.c
../common/core/src/ux_hcd_sim_host_endpoint_reset.c
../common/core/src/ux_hcd_sim_host_entry.c
Building file: ../common/core/src/ux_hcd_sim_host_frame_number_get.c
Building file: ../common/core/src/ux_hcd_sim_host_frame_number_set.c
../common/core/src/ux_hcd_sim_host_frame_number_get.c
../common/core/src/ux_hcd_sim_host_frame_number_set.c
Building file: ../common/core/src/ux_hcd_sim_host_initialize.c
Building file: ../common/core/src/ux_hcd_sim_host_interrupt_endpoint_create.c
../common/core/src/ux_hcd_sim_host_initialize.c
../common/core/src/ux_hcd_sim_host_interrupt_endpoint_create.c
Building file: ../common/core/src/ux_hcd_sim_host_iso_queue_process.c
Building file: ../common/core/src/ux_hcd_sim_host_iso_schedule.c
../common/core/src/ux_hcd_sim_host_iso_queue_process.c
Building file: ../common/core/src/ux_hcd_sim_host_isochronous_endpoint_create.c
../common/core/src/ux_hcd_sim_host_iso_schedule.c
../common/core/src/ux_hcd_sim_host_isochronous_endpoint_create.c
Building file: ../common/core/src/ux_hcd_sim_host_isochronous_td_obtain.c
Building file: ../common/core/src/ux_hcd_sim_host_least_traffic_list_get.c
../common/core/src/ux_hcd_sim_host_isochronous_td_obtain.c
Building file: ../common/core/src/ux_hcd_sim_host_periodic_endpoint_destroy.c
Building file: ../common/core/src/ux_hcd_sim_host_periodic_schedule.c
Building file: ../common/core/src/ux_hcd_sim_host_periodic_tree_create.c
../common/core/src/ux_hcd_sim_host_least_traffic_list_get.c
Building file: ../common/core/src/ux_hcd_sim_host_port_reset.c
../common/core/src/ux_hcd_sim_host_periodic_schedule.c
Building file: ../common/core/src/ux_hcd_sim_host_port_status_get.c
../common/core/src/ux_hcd_sim_host_periodic_endpoint_destroy.c
../common/core/src/ux_hcd_sim_host_periodic_tree_create.c
../common/core/src/ux_hcd_sim_host_port_reset.c
../common/core/src/ux_hcd_sim_host_port_status_get.c
Building file: ../common/core/src/ux_hcd_sim_host_regular_td_obtain.c
Building file: ../common/core/src/ux_hcd_sim_host_request_bulk_transfer.c
../common/core/src/ux_hcd_sim_host_request_bulk_transfer.c
../common/core/src/ux_hcd_sim_host_regular_td_obtain.c
Building file: ../common/core/src/ux_hcd_sim_host_request_control_transfer.c
Building file: ../common/core/src/ux_hcd_sim_host_request_interupt_transfer.c
../common/core/src/ux_hcd_sim_host_request_control_transfer.c
../common/core/src/ux_hcd_sim_host_request_interupt_transfer.c
Building file: ../common/core/src/ux_hcd_sim_host_request_isochronous_transfer.c
Building file: ../common/core/src/ux_hcd_sim_host_request_transfer.c
../common/core/src/ux_hcd_sim_host_request_isochronous_transfer.c
Building file: ../common/core/src/ux_hcd_sim_host_timer_function.c
../common/core/src/ux_hcd_sim_host_request_transfer.c
Building file: ../common/core/src/ux_hcd_sim_host_transaction_schedule.c
../common/core/src/ux_hcd_sim_host_timer_function.c
Building file: ../common/core/src/ux_hcd_sim_host_transfer_abort.c
../common/core/src/ux_hcd_sim_host_transaction_schedule.c
Building file: ../common/core/src/ux_host_class_dpump_activate.c
../common/core/src/ux_hcd_sim_host_transfer_abort.c
Building file: ../common/core/src/ux_host_class_dpump_configure.c
../common/core/src/ux_host_class_dpump_activate.c
../common/core/src/ux_host_class_dpump_configure.c
Building file: ../common/core/src/ux_host_class_dpump_deactivate.c
Building file: ../common/core/src/ux_host_class_dpump_endpoints_get.c
../common/core/src/ux_host_class_dpump_deactivate.c
../common/core/src/ux_host_class_dpump_endpoints_get.c
Building file: ../common/core/src/ux_host_class_dpump_entry.c
Building file: ../common/core/src/ux_host_class_dpump_ioctl.c
Building file: ../common/core/src/ux_host_class_dpump_read.c
../common/core/src/ux_host_class_dpump_entry.c
../common/core/src/ux_host_class_dpump_read.c
../common/core/src/ux_host_class_dpump_ioctl.c
Building file: ../common/core/src/ux_host_class_dpump_write.c
Building file: ../common/core/src/ux_host_stack_bandwidth_check.c
Building file: ../common/core/src/ux_host_stack_bandwidth_claim.c
../common/core/src/ux_host_class_dpump_write.c
../common/core/src/ux_host_stack_bandwidth_check.c
../common/core/src/ux_host_stack_bandwidth_claim.c
Building file: ../common/core/src/ux_host_stack_bandwidth_release.c
Building file: ../common/core/src/ux_host_stack_class_call.c
Building file: ../common/core/src/ux_host_stack_class_device_scan.c
../common/core/src/ux_host_stack_bandwidth_release.c
../common/core/src/ux_host_stack_class_call.c
Building file: ../common/core/src/ux_host_stack_class_get.c
../common/core/src/ux_host_stack_class_device_scan.c
../common/core/src/ux_host_stack_class_get.c
Building file: ../common/core/src/ux_host_stack_class_instance_create.c
Building file: ../common/core/src/ux_host_stack_class_instance_destroy.c
Building file: ../common/core/src/ux_host_stack_class_instance_get.c
Building file: ../common/core/src/ux_host_stack_class_instance_verify.c
../common/core/src/ux_host_stack_class_instance_create.c
../common/core/src/ux_host_stack_class_instance_destroy.c
../common/core/src/ux_host_stack_class_instance_get.c
../common/core/src/ux_host_stack_class_instance_verify.c
Building file: ../common/core/src/ux_host_stack_class_register.c
Building file: ../common/core/src/ux_host_stack_class_interface_scan.c
Building file: ../common/core/src/ux_host_stack_class_unregister.c
../common/core/src/ux_host_stack_class_unregister.c
Building file: ../common/core/src/ux_host_stack_configuration_descriptor_parse.c
../common/core/src/ux_host_stack_class_interface_scan.c
../common/core/src/ux_host_stack_class_register.c
Building file: ../common/core/src/ux_host_stack_configuration_enumerate.c
../common/core/src/ux_host_stack_configuration_descriptor_parse.c
Building file: ../common/core/src/ux_host_stack_configuration_instance_create.c
Building file: ../common/core/src/ux_host_stack_configuration_instance_delete.c
Building file: ../common/core/src/ux_host_stack_configuration_interface_get.c
../common/core/src/ux_host_stack_configuration_enumerate.c
../common/core/src/ux_host_stack_configuration_instance_delete.c
../common/core/src/ux_host_stack_configuration_instance_create.c
../common/core/src/ux_host_stack_configuration_interface_get.c
Building file: ../common/core/src/ux_host_stack_configuration_set.c
Building file: ../common/core/src/ux_host_stack_delay_ms.c
Building file: ../common/core/src/ux_host_stack_device_address_set.c
Building file: ../common/core/src/ux_host_stack_device_configuration_get.c
../common/core/src/ux_host_stack_configuration_set.c
../common/core/src/ux_host_stack_delay_ms.c
Building file: ../common/core/src/ux_host_stack_device_configuration_reset.c
../common/core/src/ux_host_stack_device_address_set.c
../common/core/src/ux_host_stack_device_configuration_get.c
Building file: ../common/core/src/ux_host_stack_device_configuration_select.c
Building file: ../common/core/src/ux_host_stack_device_descriptor_read.c
../common/core/src/ux_host_stack_device_configuration_reset.c
../common/core/src/ux_host_stack_device_descriptor_read.c
../common/core/src/ux_host_stack_device_configuration_select.c
Building file: ../common/core/src/ux_host_stack_device_get.c
../common/core/src/ux_host_stack_device_get.c
Building file: ../common/core/src/ux_host_stack_device_remove.c
Building file: ../common/core/src/ux_host_stack_device_resources_free.c
Building file: ../common/core/src/ux_host_stack_endpoint_instance_create.c
../common/core/src/ux_host_stack_device_remove.c
Building file: ../common/core/src/ux_host_stack_endpoint_instance_delete.c
../common/core/src/ux_host_stack_device_resources_free.c
../common/core/src/ux_host_stack_endpoint_instance_create.c
Building file: ../common/core/src/ux_host_stack_endpoint_reset.c
Building file: ../common/core/src/ux_host_stack_endpoint_transfer_abort.c
../common/core/src/ux_host_stack_endpoint_instance_delete.c
../common/core/src/ux_host_stack_endpoint_reset.c
../common/core/src/ux_host_stack_endpoint_transfer_abort.c
Building file: ../common/core/src/ux_host_stack_enum_thread_entry.c
../common/core/src/ux_host_stack_enum_thread_entry.c
Building file: ../common/core/src/ux_host_stack_hcd_register.c
Building file: ../common/core/src/ux_host_stack_hcd_thread_entry.c
../common/core/src/ux_host_stack_hcd_register.c
Building file: ../common/core/src/ux_host_stack_hcd_transfer_request.c
../common/core/src/ux_host_stack_hcd_thread_entry.c
../common/core/src/ux_host_stack_hcd_transfer_request.c
Building file: ../common/core/src/ux_host_stack_hcd_unregister.c
../common/core/src/ux_host_stack_hcd_unregister.c
Building file: ../common/core/src/ux_host_stack_hnp_polling_thread_entry.c
../common/core/src/ux_host_stack_hnp_polling_thread_entry.c
Building file: ../common/core/src/ux_host_stack_initialize.c
Building file: ../common/core/src/ux_host_stack_interface_endpoint_get.c
Building file: ../common/core/src/ux_host_stack_interface_instance_create.c
../common/core/src/ux_host_stack_initialize.c
../common/core/src/ux_host_stack_interface_endpoint_get.c
Building file: ../common/core/src/ux_host_stack_interface_instance_delete.c
Building file: ../common/core/src/ux_host_stack_interface_set.c
../common/core/src/ux_host_stack_interface_instance_create.c
Building file: ../common/core/src/ux_host_stack_interface_setting_select.c
../common/core/src/ux_host_stack_interface_instance_delete.c
../common/core/src/ux_host_stack_interface_set.c
../common/core/src/ux_host_stack_interface_setting_select.c
Building file: ../common/core/src/ux_host_stack_interfaces_scan.c
../common/core/src/ux_host_stack_interfaces_scan.c
Building file: ../common/core/src/ux_host_stack_new_configuration_create.c
Building file: ../common/core/src/ux_host_stack_new_device_create.c
../common/core/src/ux_host_stack_new_configuration_create.c
../common/core/src/ux_host_stack_new_device_create.c
Building file: ../common/core/src/ux_host_stack_new_device_get.c
Building file: ../common/core/src/ux_host_stack_new_endpoint_create.c
../common/core/src/ux_host_stack_new_device_get.c
../common/core/src/ux_host_stack_new_endpoint_create.c
Building file: ../common/core/src/ux_host_stack_new_interface_create.c
Building file: ../common/core/src/ux_host_stack_rh_change_process.c
../common/core/src/ux_host_stack_new_interface_create.c
Building file: ../common/core/src/ux_host_stack_rh_device_extraction.c
../common/core/src/ux_host_stack_rh_change_process.c
Building file: ../common/core/src/ux_host_stack_rh_device_insertion.c
Building file: ../common/core/src/ux_host_stack_role_swap.c
Building file: ../common/core/src/ux_host_stack_transfer_request.c
../common/core/src/ux_host_stack_rh_device_extraction.c
../common/core/src/ux_host_stack_rh_device_insertion.c
../common/core/src/ux_host_stack_role_swap.c
../common/core/src/ux_host_stack_transfer_request.c
Building file: ../common/core/src/ux_host_stack_transfer_request_abort.c
../common/core/src/ux_host_stack_transfer_request_abort.c
Building file: ../common/core/src/ux_host_stack_uninitialize.c
../common/core/src/ux_host_stack_uninitialize.c
Building file: ../common/core/src/ux_system_error_handler.c
Building file: ../common/core/src/ux_system_initialize.c
../common/core/src/ux_system_error_handler.c
Building file: ../common/core/src/ux_system_uninitialize.c
../common/core/src/ux_system_initialize.c
Building file: ../common/core/src/ux_trace_event_insert.c
../common/core/src/ux_system_uninitialize.c
../common/core/src/ux_trace_event_insert.c
Building file: ../common/core/src/ux_trace_event_update.c
Building file: ../common/core/src/ux_trace_object_register.c
../common/core/src/ux_trace_event_update.c
Building file: ../common/core/src/ux_trace_object_unregister.c
../common/core/src/ux_trace_object_register.c
Building file: ../common/core/src/ux_utility_debug_callback_register.c
Building file: ../common/core/src/ux_utility_debug_log.c
../common/core/src/ux_trace_object_unregister.c
../common/core/src/ux_utility_debug_callback_register.c
../common/core/src/ux_utility_debug_log.c
Building file: ../common/core/src/ux_utility_delay_ms.c
../common/core/src/ux_utility_delay_ms.c
Building file: ../common/core/src/ux_utility_descriptor_pack.c
Building file: ../common/core/src/ux_utility_descriptor_parse.c
Building file: ../common/core/src/ux_utility_error_callback_register.c
../common/core/src/ux_utility_descriptor_pack.c
../common/core/src/ux_utility_descriptor_parse.c
Building file: ../common/core/src/ux_utility_event_flags_create.c
Building file: ../common/core/src/ux_utility_event_flags_delete.c
../common/core/src/ux_utility_error_callback_register.c
Building file: ../common/core/src/ux_utility_event_flags_get.c
../common/core/src/ux_utility_event_flags_create.c
../common/core/src/ux_utility_event_flags_get.c
../common/core/src/ux_utility_event_flags_delete.c
Building file: ../common/core/src/ux_utility_event_flags_set.c
Building file: ../common/core/src/ux_utility_long_get.c
../common/core/src/ux_utility_long_get.c
../common/core/src/ux_utility_event_flags_set.c
Building file: ../common/core/src/ux_utility_long_put.c
Building file: ../common/core/src/ux_utility_long_get_big_endian.c
Building file: ../common/core/src/ux_utility_long_put_big_endian.c
Building file: ../common/core/src/ux_utility_memory_allocate.c
../common/core/src/ux_utility_long_put.c
../common/core/src/ux_utility_long_put_big_endian.c
../common/core/src/ux_utility_long_get_big_endian.c
../common/core/src/ux_utility_memory_allocate.c
Building file: ../common/core/src/ux_utility_memory_allocate_add_safe.c
../common/core/src/ux_utility_memory_allocate_add_safe.c
Building file: ../common/core/src/ux_utility_memory_allocate_mulc_safe.c
Building file: ../common/core/src/ux_utility_memory_allocate_mulv_safe.c
Building file: ../common/core/src/ux_utility_memory_compare.c
../common/core/src/ux_utility_memory_allocate_mulc_safe.c
Building file: ../common/core/src/ux_utility_memory_copy.c
../common/core/src/ux_utility_memory_allocate_mulv_safe.c
../common/core/src/ux_utility_memory_copy.c
../common/core/src/ux_utility_memory_compare.c
Building file: ../common/core/src/ux_utility_memory_free.c
Building file: ../common/core/src/ux_utility_memory_free_block_best_get.c
Building file: ../common/core/src/ux_utility_memory_set.c
../common/core/src/ux_utility_memory_free.c
../common/core/src/ux_utility_memory_free_block_best_get.c
../common/core/src/ux_utility_memory_set.c
Building file: ../common/core/src/ux_utility_mutex_create.c
Building file: ../common/core/src/ux_utility_mutex_delete.c
Building file: ../common/core/src/ux_utility_mutex_off.c
../common/core/src/ux_utility_mutex_create.c
../common/core/src/ux_utility_mutex_delete.c
../common/core/src/ux_utility_mutex_off.c
Building file: ../common/core/src/ux_utility_mutex_on.c
../common/core/src/ux_utility_mutex_on.c
Building file: ../common/core/src/ux_utility_pci_class_scan.c
Building file: ../common/core/src/ux_utility_pci_read.c
Building file: ../common/core/src/ux_utility_pci_write.c
Building file: ../common/core/src/ux_utility_physical_address.c
../common/core/src/ux_utility_pci_class_scan.c
../common/core/src/ux_utility_pci_write.c
../common/core/src/ux_utility_pci_read.c
../common/core/src/ux_utility_physical_address.c
Building file: ../common/core/src/ux_utility_semaphore_delete.c
Building file: ../common/core/src/ux_utility_semaphore_create.c
../common/core/src/ux_utility_semaphore_create.c
Building file: ../common/core/src/ux_utility_semaphore_get.c
Building file: ../common/core/src/ux_utility_semaphore_put.c
../common/core/src/ux_utility_semaphore_delete.c
../common/core/src/ux_utility_semaphore_get.c
Building file: ../common/core/src/ux_utility_set_interrupt_handler.c
../common/core/src/ux_utility_semaphore_put.c
Building file: ../common/core/src/ux_utility_short_get.c
../common/core/src/ux_utility_set_interrupt_handler.c
../common/core/src/ux_utility_short_get.c
Building file: ../common/core/src/ux_utility_short_get_big_endian.c
Building file: ../common/core/src/ux_utility_short_put.c
../common/core/src/ux_utility_short_put.c
../common/core/src/ux_utility_short_get_big_endian.c
Building file: ../common/core/src/ux_utility_short_put_big_endian.c
Building file: ../common/core/src/ux_utility_string_length_check.c
Building file: ../common/core/src/ux_utility_string_length_get.c
Building file: ../common/core/src/ux_utility_string_to_unicode.c
../common/core/src/ux_utility_short_put_big_endian.c
../common/core/src/ux_utility_string_length_check.c
../common/core/src/ux_utility_string_length_get.c
../common/core/src/ux_utility_string_to_unicode.c
Building file: ../common/core/src/ux_utility_thread_create.c
../common/core/src/ux_utility_thread_create.c
Building file: ../common/core/src/ux_utility_thread_delete.c
Building file: ../common/core/src/ux_utility_thread_identify.c
Building file: ../common/core/src/ux_utility_thread_relinquish.c
../common/core/src/ux_utility_thread_delete.c
Building file: ../common/core/src/ux_utility_thread_resume.c
../common/core/src/ux_utility_thread_identify.c
Building file: ../common/core/src/ux_utility_thread_schedule_other.c
../common/core/src/ux_utility_thread_resume.c
../common/core/src/ux_utility_thread_relinquish.c
../common/core/src/ux_utility_thread_schedule_other.c
Building file: ../common/core/src/ux_utility_thread_sleep.c
Building file: ../common/core/src/ux_utility_thread_suspend.c
../common/core/src/ux_utility_thread_sleep.c
../common/core/src/ux_utility_thread_suspend.c
Building file: ../common/core/src/ux_utility_timer_create.c
Building file: ../common/core/src/ux_utility_timer_delete.c
Building file: ../common/core/src/ux_utility_unicode_to_string.c
../common/core/src/ux_utility_timer_create.c
Building file: ../common/core/src/ux_utility_virtual_address.c
../common/core/src/ux_utility_timer_delete.c
../common/core/src/ux_utility_unicode_to_string.c
../common/core/src/ux_utility_virtual_address.c
Building target: libusbx.a
arm-none-eabi-ar: creating libusbx.a

02:38:20 Build Finished. 0 errors, 0 warnings. (took 14s.705ms)

